[englobaleducation.co.uk/index.html]
[backblue.gif]
[fade.gif]
[index.html]
[englobaleducation.co.uk/wp-content/plugins/christmas_card_1/the_card/css/styles_christmas6a4d.css]
[englobaleducation.co.uk/comments/feed/index.html]
[englobaleducation.co.uk/wp-content/plugins/christmas_card_1/the_card/css/media-queries6a4d.css]
[englobaleducation.co.uk/wp-content/plugins/christmas_card_1/the_card/css/styles_fireworks6a4d.css]
[englobaleducation.co.uk/wp-content/plugins/christmas_card_1/the_card/css/limelight6a4d.css]
[englobaleducation.co.uk/wp-content/plugins/christmas_card_1/the_card/css/tangerine6a4d.css]
[englobaleducation.co.uk/wp-content/plugins/christmas_card_1/the_card/css/yesevaone6a4d.css]
[englobaleducation.co.uk/wp-content/plugins/christmas_card_1/the_card/audioPlayer/audio1_html56a4d.css]
[englobaleducation.co.uk/wp-content/plugins/christmas_card_1/the_card/css/prettyPhoto6a4d.css]
[englobaleducation.co.uk/wp-content/plugins/search-in-place/css/codepeople_shearch_in_place.min8daf.css]
[englobaleducation.co.uk/wp-includes/css/dist/block-library/style.min6a4d.css]
[englobaleducation.co.uk/wp-content/plugins/jet-engine/assets/css/frontend2c3d.css]
[englobaleducation.co.uk/wp-content/plugins/animated-typing-effect/assets/css/cursor6a4d.css]
[englobaleducation.co.uk/wp-content/themes/oceanwp/assets/fonts/fontawesome/css/all.min9e0b.css]
[englobaleducation.co.uk/wp-content/themes/oceanwp/assets/css/third/simple-line-icons.min8d5a.css]
[englobaleducation.co.uk/wp-content/themes/oceanwp-child/style29d1.css]
[englobaleducation.co.uk/wp-content/themes/oceanwp/assets/css/style.min29d1.css]
[englobaleducation.co.uk/wp-content/plugins/elementor/assets/css/frontend-lite.mina44d.css]
[englobaleducation.co.uk/wp-content/uploads/elementor/css/post-527dbf2.css]
[englobaleducation.co.uk/wp-content/uploads/elementor/css/post-532dbf2.css]
[englobaleducation.co.uk/wp-content/uploads/elementor/css/post-587fb4e.css]
